/usr/lib/gcc/x86_64-linux-gnu/7/../../../x86_64-linux-gnu/Scrt1.o: In function `_start':
(.text+0x20): undefined reference to `main'
collect2: error: ld returned 1 exit status
make[2]: *** [/home/csrobot/Desktop/NERVE_CENTER/ROS_navigation_localization/catkin_ws/devel/.private/robot_navigation/lib/robot_navigation/obstacle_bot_goal_publisher] Error 1
make[1]: *** [CMakeFiles/obstacle_bot_goal_publisher.dir/all] Error 2
make[1]: *** Waiting for unfinished jobs....
[01m[K/home/csrobot/Desktop/NERVE_CENTER/ROS_navigation_localization/catkin_ws/src/robot_navigation/src/robot_goal_publisher.cpp:115:6:[m[K [01;31m[Kerror: [m[Kprototype for â€˜[01m[Kbool robot_goal_publisher::newGoalCallback(std_srvs::Empty::Request&, std_srvs::Empty::Response&, robot_goal_publisher)[m[Kâ€™ does not match any in class â€˜[01m[Krobot_goal_publisher[m[Kâ€™
 bool [01;31m[Krobot_goal_publisher[m[K::newGoalCallback(std_srvs::Empty::Request &req, std_srvs::Empty::Response &res, robot_goal_publisher goal_handler_obj){
      [01;31m[K^~~~~~~~~~~~~~~~~~~~[m[K
[01m[K/home/csrobot/Desktop/NERVE_CENTER/ROS_navigation_localization/catkin_ws/src/robot_navigation/src/robot_goal_publisher.cpp:108:8:[m[K [01;31m[Kerror: [m[Kcandidate is: bool robot_goal_publisher::newGoalCallback()
   bool [01;31m[KnewGoalCallback[m[K();
        [01;31m[K^~~~~~~~~~~~~~~[m[K
[01m[K/home/csrobot/Desktop/NERVE_CENTER/ROS_navigation_localization/catkin_ws/src/robot_navigation/src/robot_goal_publisher.cpp:120:6:[m[K [01;31m[Kerror: [m[Kprototype for â€˜[01m[Kbool robot_goal_publisher::initialGoalCallback(std_srvs::Empty::Request&, std_srvs::Empty::Response&, robot_goal_publisher)[m[Kâ€™ does not match any in class â€˜[01m[Krobot_goal_publisher[m[Kâ€™
 bool [01;31m[Krobot_goal_publisher[m[K::initialGoalCallback(std_srvs::Empty::Request &req, std_srvs::Empty::Response &res, robot_goal_publisher goal_handler_obj){
      [01;31m[K^~~~~~~~~~~~~~~~~~~~[m[K
[01m[K/home/csrobot/Desktop/NERVE_CENTER/ROS_navigation_localization/catkin_ws/src/robot_navigation/src/robot_goal_publisher.cpp:109:8:[m[K [01;31m[Kerror: [m[Kcandidate is: bool robot_goal_publisher::initialGoalCallback()
   bool [01;31m[KinitialGoalCallback[m[K();
        [01;31m[K^~~~~~~~~~~~~~~~~~~[m[K
[01m[K/home/csrobot/Desktop/NERVE_CENTER/ROS_navigation_localization/catkin_ws/src/robot_navigation/src/robot_goal_publisher.cpp:125:6:[m[K [01;31m[Kerror: [m[Kprototype for â€˜[01m[Kbool robot_goal_publisher::resetGoalsCallback(std_srvs::Empty::Request&, std_srvs::Empty::Response&, robot_goal_publisher)[m[Kâ€™ does not match any in class â€˜[01m[Krobot_goal_publisher[m[Kâ€™
 bool [01;31m[Krobot_goal_publisher[m[K::resetGoalsCallback(std_srvs::Empty::Request &req, std_srvs::Empty::Response &res, robot_goal_publisher goal_handler_obj){
      [01;31m[K^~~~~~~~~~~~~~~~~~~~[m[K
[01m[K/home/csrobot/Desktop/NERVE_CENTER/ROS_navigation_localization/catkin_ws/src/robot_navigation/src/robot_goal_publisher.cpp:110:8:[m[K [01;31m[Kerror: [m[Kcandidate is: bool robot_goal_publisher::resetGoalsCallback()
   bool [01;31m[KresetGoalsCallback[m[K();
        [01;31m[K^~~~~~~~~~~~~~~~~~[m[K
[01m[K/home/csrobot/Desktop/NERVE_CENTER/ROS_navigation_localization/catkin_ws/src/robot_navigation/src/robot_goal_publisher.cpp:[m[K In function â€˜[01m[Kint main(int, char**)[m[Kâ€™:
[01m[K/home/csrobot/Desktop/NERVE_CENTER/ROS_navigation_localization/catkin_ws/src/robot_navigation/src/robot_goal_publisher.cpp:138:110:[m[K [01;31m[Kerror: [m[Kâ€˜[01m[KnewGoalCallback[m[Kâ€™ was not declared in this scope
   ros::ServiceServer robot_goal_server = goal_handler_obj.node_handle.advertiseService("get_robot_new_goal", [01;31m[KnewGoalCallback[m[K(goal_handler_obj));
                                                                                                              [01;31m[K^~~~~~~~~~~~~~~[m[K
[01m[K/home/csrobot/Desktop/NERVE_CENTER/ROS_navigation_localization/catkin_ws/src/robot_navigation/src/robot_goal_publisher.cpp:139:122:[m[K [01;31m[Kerror: [m[Kâ€˜[01m[KinitialGoalCallback[m[Kâ€™ was not declared in this scope
   ros::ServiceServer initial_robot_goal_server = goal_handler_obj.node_handle.advertiseService("get_robot_initial_goal", [01;31m[KinitialGoalCallback[m[K(goal_handler_obj));
                                                                                                                          [01;31m[K^~~~~~~~~~~~~~~~~~~[m[K
[01m[K/home/csrobot/Desktop/NERVE_CENTER/ROS_navigation_localization/catkin_ws/src/robot_navigation/src/robot_goal_publisher.cpp:140:115:[m[K [01;31m[Kerror: [m[Kâ€˜[01m[KresetGoalsCallback[m[Kâ€™ was not declared in this scope
   ros::ServiceServer reset_robot_goal_server = goal_handler_obj.node_handle.advertiseService("reset_robot_goals", [01;31m[KresetGoalsCallback[m[K(goal_handler_obj));
                                                                                                                   [01;31m[K^~~~~~~~~~~~~~~~~~[m[K
make[2]: *** [CMakeFiles/robot_goal_publisher.dir/src/robot_goal_publisher.cpp.o] Error 1
make[1]: *** [CMakeFiles/robot_goal_publisher.dir/all] Error 2
make: *** [all] Error 2
