/usr/lib/gcc/x86_64-linux-gnu/7/../../../x86_64-linux-gnu/Scrt1.o: In function `_start':
(.text+0x20): undefined reference to `main'
collect2: error: ld returned 1 exit status
make[2]: *** [/home/csrobot/Desktop/NERVE_CENTER/ROS_navigation_localization/catkin_ws/devel/.private/robot_navigation/lib/robot_navigation/obstacle_bot_goal_publisher] Error 1
make[1]: *** [CMakeFiles/obstacle_bot_goal_publisher.dir/all] Error 2
make[1]: *** Waiting for unfinished jobs....
[01m[K/home/csrobot/Desktop/NERVE_CENTER/ROS_navigation_localization/catkin_ws/src/robot_navigation/src/robot_goal_publisher.cpp:[m[K In function â€˜[01m[Kint main(int, char**)[m[Kâ€™:
[01m[K/home/csrobot/Desktop/NERVE_CENTER/ROS_navigation_localization/catkin_ws/src/robot_navigation/src/robot_goal_publisher.cpp:134:142:[m[K [01;31m[Kerror: [m[Kinvalid use of non-static member function â€˜[01m[Kvoid robot_goal_publisher::publishNextGoal()[m[Kâ€™
   ros::ServiceServer robot_goal_server = goal_handler_obj.node_handle.advertiseService("get_robot_new_goal", goal_handler_obj.publishNextGoal[01;31m[K)[m[K;
                                                                                                                                              [01;31m[K^[m[K
[01m[K/home/csrobot/Desktop/NERVE_CENTER/ROS_navigation_localization/catkin_ws/src/robot_navigation/src/robot_goal_publisher.cpp:89:8:[m[K [01;36m[Knote: [m[Kdeclared here
   void [01;36m[KpublishNextGoal[m[K(){
        [01;36m[K^~~~~~~~~~~~~~~[m[K
[01m[K/home/csrobot/Desktop/NERVE_CENTER/ROS_navigation_localization/catkin_ws/src/robot_navigation/src/robot_goal_publisher.cpp:135:157:[m[K [01;31m[Kerror: [m[Kinvalid use of non-static member function â€˜[01m[Kvoid robot_goal_publisher::publishInitialGoal()[m[Kâ€™
   ros::ServiceServer initial_robot_goal_server = goal_handler_obj.node_handle.advertiseService("get_robot_initial_goal", goal_handler_obj.publishInitialGoal[01;31m[K)[m[K;
                                                                                                                                                             [01;31m[K^[m[K
[01m[K/home/csrobot/Desktop/NERVE_CENTER/ROS_navigation_localization/catkin_ws/src/robot_navigation/src/robot_goal_publisher.cpp:97:8:[m[K [01;36m[Knote: [m[Kdeclared here
   void [01;36m[KpublishInitialGoal[m[K(){
        [01;36m[K^~~~~~~~~~~~~~~~~~[m[K
[01m[K/home/csrobot/Desktop/NERVE_CENTER/ROS_navigation_localization/catkin_ws/src/robot_navigation/src/robot_goal_publisher.cpp:136:142:[m[K [01;31m[Kerror: [m[Kinvalid use of non-static member function â€˜[01m[Kvoid robot_goal_publisher::resetGoals()[m[Kâ€™
   ros::ServiceServer reset_robot_goal_server = goal_handler_obj.node_handle.advertiseService("reset_robot_goals", goal_handler_obj.resetGoals[01;31m[K)[m[K;
                                                                                                                                              [01;31m[K^[m[K
[01m[K/home/csrobot/Desktop/NERVE_CENTER/ROS_navigation_localization/catkin_ws/src/robot_navigation/src/robot_goal_publisher.cpp:103:8:[m[K [01;36m[Knote: [m[Kdeclared here
   void [01;36m[KresetGoals[m[K(){
        [01;36m[K^~~~~~~~~~[m[K
make[2]: *** [CMakeFiles/robot_goal_publisher.dir/src/robot_goal_publisher.cpp.o] Error 1
make[1]: *** [CMakeFiles/robot_goal_publisher.dir/all] Error 2
make: *** [all] Error 2
