/usr/lib/gcc/x86_64-linux-gnu/7/../../../x86_64-linux-gnu/Scrt1.o: In function `_start':
(.text+0x20): undefined reference to `main'
collect2: error: ld returned 1 exit status
make[2]: *** [/home/csrobot/Desktop/NERVE_CENTER/ROS_navigation_localization/catkin_ws/devel/.private/robot_navigation/lib/robot_navigation/obstacle_bot_goal_publisher] Error 1
make[1]: *** [CMakeFiles/obstacle_bot_goal_publisher.dir/all] Error 2
make[1]: *** Waiting for unfinished jobs....
[01m[K/home/csrobot/Desktop/NERVE_CENTER/ROS_navigation_localization/catkin_ws/src/robot_navigation/src/robot_goal_publisher.cpp:[m[K In function â€˜[01m[Kint main(int, char**)[m[Kâ€™:
[01m[K/home/csrobot/Desktop/NERVE_CENTER/ROS_navigation_localization/catkin_ws/src/robot_navigation/src/robot_goal_publisher.cpp:141:125:[m[K [01;31m[Kerror: [m[Kinvalid use of non-static member function â€˜[01m[Kbool robot_goal_publisher::newGoalCallback(std_srvs::Empty::Request&, std_srvs::Empty::Response&)[m[Kâ€™
   ros::ServiceServer robot_goal_server = node_handle.advertiseService("get_robot_new_goal", goal_handler_obj.newGoalCallback[01;31m[K)[m[K;
                                                                                                                             [01;31m[K^[m[K
[01m[K/home/csrobot/Desktop/NERVE_CENTER/ROS_navigation_localization/catkin_ws/src/robot_navigation/src/robot_goal_publisher.cpp:115:6:[m[K [01;36m[Knote: [m[Kdeclared here
 bool [01;36m[Krobot_goal_publisher[m[K::newGoalCallback(std_srvs::Empty::Request &req, std_srvs::Empty::Response &res){
      [01;36m[K^~~~~~~~~~~~~~~~~~~~[m[K
[01m[K/home/csrobot/Desktop/NERVE_CENTER/ROS_navigation_localization/catkin_ws/src/robot_navigation/src/robot_goal_publisher.cpp:142:141:[m[K [01;31m[Kerror: [m[Kinvalid use of non-static member function â€˜[01m[Kbool robot_goal_publisher::initialGoalCallback(std_srvs::Empty::Request&, std_srvs::Empty::Response&)[m[Kâ€™
   ros::ServiceServer initial_robot_goal_server = node_handle.advertiseService("get_robot_initial_goal", goal_handler_obj.initialGoalCallback[01;31m[K)[m[K;
                                                                                                                                             [01;31m[K^[m[K
[01m[K/home/csrobot/Desktop/NERVE_CENTER/ROS_navigation_localization/catkin_ws/src/robot_navigation/src/robot_goal_publisher.cpp:120:6:[m[K [01;36m[Knote: [m[Kdeclared here
 bool [01;36m[Krobot_goal_publisher[m[K::initialGoalCallback(std_srvs::Empty::Request &req, std_srvs::Empty::Response &res){
      [01;36m[K^~~~~~~~~~~~~~~~~~~~[m[K
[01m[K/home/csrobot/Desktop/NERVE_CENTER/ROS_navigation_localization/catkin_ws/src/robot_navigation/src/robot_goal_publisher.cpp:143:133:[m[K [01;31m[Kerror: [m[Kinvalid use of non-static member function â€˜[01m[Kbool robot_goal_publisher::resetGoalsCallback(std_srvs::Empty::Request&, std_srvs::Empty::Response&)[m[Kâ€™
   ros::ServiceServer reset_robot_goal_server = node_handle.advertiseService("reset_robot_goals", goal_handler_obj.resetGoalsCallback[01;31m[K)[m[K;
                                                                                                                                     [01;31m[K^[m[K
[01m[K/home/csrobot/Desktop/NERVE_CENTER/ROS_navigation_localization/catkin_ws/src/robot_navigation/src/robot_goal_publisher.cpp:125:6:[m[K [01;36m[Knote: [m[Kdeclared here
 bool [01;36m[Krobot_goal_publisher[m[K::resetGoalsCallback(std_srvs::Empty::Request &req, std_srvs::Empty::Response &res){
      [01;36m[K^~~~~~~~~~~~~~~~~~~~[m[K
make[2]: *** [CMakeFiles/robot_goal_publisher.dir/src/robot_goal_publisher.cpp.o] Error 1
make[1]: *** [CMakeFiles/robot_goal_publisher.dir/all] Error 2
make: *** [all] Error 2
