[  0%] Built target tf_generate_messages_eus
[  0%] Built target tuw_multi_robot_msgs_generate_messages_lisp
[  0%] Built target tuw_multi_robot_msgs_generate_messages_py
[  0%] Built target tuw_multi_robot_msgs_generate_messages_cpp
[  0%] Built target tuw_multi_robot_msgs_generate_messages_eus
[  0%] Built target tf_generate_messages_nodejs
[  0%] Built target tf_generate_messages_lisp
[  0%] Built target geometry_msgs_generate_messages_py
[  0%] Built target tf2_msgs_generate_messages_cpp
[  0%] Built target std_srvs_generate_messages_py
[  0%] Built target geometry_msgs_generate_messages_lisp
[  0%] Built target tuw_multi_robot_msgs_generate_messages_nodejs
[  0%] Built target std_srvs_generate_messages_nodejs
[  0%] Built target geometry_msgs_generate_messages_cpp
[  0%] Built target actionlib_generate_messages_lisp
[  0%] Built target std_msgs_generate_messages_nodejs
[  0%] Built target tf2_msgs_generate_messages_nodejs
[  0%] Built target actionlib_msgs_generate_messages_nodejs
[  0%] Built target std_msgs_generate_messages_cpp
[  0%] Built target roscpp_generate_messages_cpp
[  0%] Built target nav_msgs_generate_messages_nodejs
[  0%] Built target actionlib_generate_messages_cpp
[  0%] Built target sensor_msgs_generate_messages_nodejs
[  0%] Built target std_srvs_generate_messages_eus
[  0%] Built target geometry_msgs_generate_messages_nodejs
[  0%] Built target roscpp_generate_messages_lisp
[  0%] Built target gazebo_msgs_generate_messages_lisp
[  0%] Built target std_msgs_generate_messages_lisp
[  0%] Built target roscpp_generate_messages_nodejs
[  0%] Built target std_srvs_generate_messages_lisp
[  0%] Built target geometry_msgs_generate_messages_eus
[  0%] Built target roscpp_generate_messages_py
[  0%] Built target std_msgs_generate_messages_py
[  0%] Built target trajectory_msgs_generate_messages_eus
[  0%] Built target rosgraph_msgs_generate_messages_cpp
[  0%] Built target tf_generate_messages_py
[  0%] Built target dynamic_reconfigure_generate_messages_cpp
[  0%] Built target move_base_msgs_generate_messages_nodejs
[  0%] Built target std_srvs_generate_messages_cpp
[  0%] Built target gazebo_msgs_generate_messages_nodejs
[  0%] Built target rosgraph_msgs_generate_messages_eus
[  0%] Built target rosgraph_msgs_generate_messages_lisp
[  0%] Built target move_base_msgs_generate_messages_lisp
[  0%] Built target gazebo_msgs_generate_messages_py
[  0%] Built target move_base_msgs_generate_messages_cpp
[  0%] Built target std_msgs_generate_messages_eus
[  0%] Built target trajectory_msgs_generate_messages_py
[  0%] Built target rosgraph_msgs_generate_messages_nodejs
[  0%] Built target roscpp_generate_messages_eus
[  0%] Built target rosgraph_msgs_generate_messages_py
[  0%] Built target actionlib_msgs_generate_messages_eus
[  0%] Built target actionlib_msgs_generate_messages_lisp
[  0%] Built target actionlib_msgs_generate_messages_py
[  0%] Built target actionlib_generate_messages_eus
[  0%] Built target tf2_msgs_generate_messages_py
[  0%] Built target actionlib_generate_messages_py
[  0%] Built target move_base_msgs_generate_messages_py
[  0%] Built target move_base_msgs_generate_messages_eus
[  0%] Built target gazebo_msgs_generate_messages_eus
[  0%] Built target sensor_msgs_generate_messages_lisp
[  0%] Built target nav_msgs_generate_messages_cpp
[  0%] Built target trajectory_msgs_generate_messages_lisp
[  0%] Built target trajectory_msgs_generate_messages_cpp
[  0%] Built target trajectory_msgs_generate_messages_nodejs
[  0%] Built target sensor_msgs_generate_messages_eus
[  0%] Built target sensor_msgs_generate_messages_py
[  0%] Built target sensor_msgs_generate_messages_cpp
[  0%] Built target dynamic_reconfigure_generate_messages_eus
[  0%] Built target dynamic_reconfigure_generate_messages_nodejs
[  0%] Built target tf2_msgs_generate_messages_lisp
[  0%] Built target gazebo_msgs_generate_messages_cpp
[  0%] Built target dynamic_reconfigure_generate_messages_py
[  0%] Built target dynamic_reconfigure_generate_messages_lisp
[  0%] Built target nav_msgs_generate_messages_py
[  0%] Built target dynamic_reconfigure_gencfg
[  0%] Built target tf2_msgs_generate_messages_eus
[  0%] Built target nav_msgs_generate_messages_eus
[  0%] Built target actionlib_generate_messages_nodejs
[  0%] Built target nav_msgs_generate_messages_lisp
[  0%] Built target tf_generate_messages_cpp
[  0%] Built target actionlib_msgs_generate_messages_cpp
[35m[1mScanning dependencies of target obstacle_bot_goal_publisher[0m
[35m[1mScanning dependencies of target robot_spawn_publisher[0m
[35m[1mScanning dependencies of target dord_calculator[0m
[35m[1mScanning dependencies of target obstacle_bot_spawn_publisher[0m
[  0%] Built target _robot_navigation_generate_messages_check_deps_SimLog
[  2%] [32mBuilding CXX object CMakeFiles/obstacle_bot_goal_publisher.dir/src/obstacle_bot_goal_publisher.cpp.o[0m
[  2%] Built target _robot_navigation_generate_messages_check_deps_Goal
[  5%] [32mBuilding CXX object CMakeFiles/logger.dir/src/logger.cpp.o[0m
[  8%] [32mBuilding CXX object CMakeFiles/obstacle_bot_node.dir/src/obstacle_bot.cpp.o[0m
[ 14%] Built target pose_publisher
[35m[1mScanning dependencies of target mover_node[0m
[ 17%] [32mBuilding CXX object CMakeFiles/goal_publisher.dir/src/goal_pub.cpp.o[0m
[35m[1mScanning dependencies of target robot_goal_publisher[0m
[ 23%] Built target estop
[ 26%] [32mBuilding CXX object CMakeFiles/robot_spawn_publisher.dir/src/robot_spawn_publisher.cpp.o[0m
[ 29%] [32mBuilding CXX object CMakeFiles/dord_calculator.dir/src/dord_calculator.cpp.o[0m
[35m[1mScanning dependencies of target robot_navigation_generate_messages_eus[0m
[ 32%] [32mBuilding CXX object CMakeFiles/obstacle_bot_spawn_publisher.dir/src/obstacle_bot_spawn_publisher.cpp.o[0m
[35m[1mScanning dependencies of target robot_navigation_generate_messages_py[0m
[ 35%] [32m[1mLinking CXX executable /home/csrobot/Desktop/NERVE_CENTER/ROS_navigation_localization/catkin_ws/devel/.private/robot_navigation/lib/robot_navigation/obstacle_bot_goal_publisher[0m
[35m[1mScanning dependencies of target robot_navigation_generate_messages_nodejs[0m
[ 38%] [34m[1mGenerating EusLisp code from robot_navigation/SimLog.msg[0m
[ 41%] [34m[1mGenerating Python from MSG robot_navigation/SimLog[0m
[ 44%] [32mBuilding CXX object CMakeFiles/robot_goal_publisher.dir/src/robot_goal_publisher.cpp.o[0m
[ 47%] [32mBuilding CXX object CMakeFiles/mover_node.dir/src/mover.cpp.o[0m
[ 50%] [34m[1mGenerating Javascript code from robot_navigation/SimLog.msg[0m
/usr/lib/gcc/x86_64-linux-gnu/7/../../../x86_64-linux-gnu/Scrt1.o: In function `_start':
(.text+0x20): undefined reference to `main'
collect2: error: ld returned 1 exit status
CMakeFiles/obstacle_bot_goal_publisher.dir/build.make:122: recipe for target '/home/csrobot/Desktop/NERVE_CENTER/ROS_navigation_localization/catkin_ws/devel/.private/robot_navigation/lib/robot_navigation/obstacle_bot_goal_publisher' failed
make[2]: *** [/home/csrobot/Desktop/NERVE_CENTER/ROS_navigation_localization/catkin_ws/devel/.private/robot_navigation/lib/robot_navigation/obstacle_bot_goal_publisher] Error 1
CMakeFiles/Makefile2:881: recipe for target 'CMakeFiles/obstacle_bot_goal_publisher.dir/all' failed
make[1]: *** [CMakeFiles/obstacle_bot_goal_publisher.dir/all] Error 2
make[1]: *** Waiting for unfinished jobs....
[ 52%] [34m[1mGenerating Javascript code from robot_navigation/Goal.msg[0m
[ 55%] [34m[1mGenerating EusLisp code from robot_navigation/Goal.msg[0m
[ 58%] [34m[1mGenerating Python from MSG robot_navigation/Goal[0m
[ 58%] Built target robot_navigation_generate_messages_nodejs
[ 61%] [34m[1mGenerating EusLisp manifest code for robot_navigation[0m
[ 64%] [34m[1mGenerating Python msg __init__.py for robot_navigation[0m
[ 64%] Built target robot_navigation_generate_messages_py
[01m[K/home/csrobot/Desktop/NERVE_CENTER/ROS_navigation_localization/catkin_ws/src/robot_navigation/src/logger.cpp:11:10:[m[K [01;31m[Kfatal error: [m[Krobot_navigation/Goal.h: No such file or directory
 #include [01;31m[K<robot_navigation/Goal.h>[m[K
          [01;31m[K^~~~~~~~~~~~~~~~~~~~~~~~~[m[K
compilation terminated.
CMakeFiles/logger.dir/build.make:62: recipe for target 'CMakeFiles/logger.dir/src/logger.cpp.o' failed
make[2]: *** [CMakeFiles/logger.dir/src/logger.cpp.o] Error 1
CMakeFiles/Makefile2:381: recipe for target 'CMakeFiles/logger.dir/all' failed
make[1]: *** [CMakeFiles/logger.dir/all] Error 2
[01m[K/home/csrobot/Desktop/NERVE_CENTER/ROS_navigation_localization/catkin_ws/src/robot_navigation/src/robot_goal_publisher.cpp:15:10:[m[K [01;31m[Kfatal error: [m[Krobot_navigation/Goal.h: No such file or directory
 #include [01;31m[K<robot_navigation/Goal.h>[m[K
          [01;31m[K^~~~~~~~~~~~~~~~~~~~~~~~~[m[K
compilation terminated.
CMakeFiles/robot_goal_publisher.dir/build.make:62: recipe for target 'CMakeFiles/robot_goal_publisher.dir/src/robot_goal_publisher.cpp.o' failed
make[2]: *** [CMakeFiles/robot_goal_publisher.dir/src/robot_goal_publisher.cpp.o] Error 1
CMakeFiles/Makefile2:3898: recipe for target 'CMakeFiles/robot_goal_publisher.dir/all' failed
make[1]: *** [CMakeFiles/robot_goal_publisher.dir/all] Error 2
[01m[K/home/csrobot/Desktop/NERVE_CENTER/ROS_navigation_localization/catkin_ws/src/robot_navigation/src/goal_pub.cpp:15:10:[m[K [01;31m[Kfatal error: [m[Krobot_navigation/Goal.h: No such file or directory
 #include [01;31m[K<robot_navigation/Goal.h>[m[K
          [01;31m[K^~~~~~~~~~~~~~~~~~~~~~~~~[m[K
compilation terminated.
[01m[K/home/csrobot/Desktop/NERVE_CENTER/ROS_navigation_localization/catkin_ws/src/robot_navigation/src/dord_calculator.cpp:12:10:[m[K [01;31m[Kfatal error: [m[Krobot_navigation/Goal.h: No such file or directory
 #include [01;31m[K<robot_navigation/Goal.h>[m[K
          [01;31m[K^~~~~~~~~~~~~~~~~~~~~~~~~[m[K
compilation terminated.
CMakeFiles/goal_publisher.dir/build.make:62: recipe for target 'CMakeFiles/goal_publisher.dir/src/goal_pub.cpp.o' failed
make[2]: *** [CMakeFiles/goal_publisher.dir/src/goal_pub.cpp.o] Error 1
CMakeFiles/Makefile2:615: recipe for target 'CMakeFiles/goal_publisher.dir/all' failed
make[1]: *** [CMakeFiles/goal_publisher.dir/all] Error 2
CMakeFiles/dord_calculator.dir/build.make:62: recipe for target 'CMakeFiles/dord_calculator.dir/src/dord_calculator.cpp.o' failed
make[2]: *** [CMakeFiles/dord_calculator.dir/src/dord_calculator.cpp.o] Error 1
CMakeFiles/Makefile2:1033: recipe for target 'CMakeFiles/dord_calculator.dir/all' failed
make[1]: *** [CMakeFiles/dord_calculator.dir/all] Error 2
[01m[K/home/csrobot/Desktop/NERVE_CENTER/ROS_navigation_localization/catkin_ws/src/robot_navigation/src/obstacle_bot.cpp:5:10:[m[K [01;31m[Kfatal error: [m[Krobot_navigation/Goal.h: No such file or directory
 #include [01;31m[K<robot_navigation/Goal.h>[m[K
          [01;31m[K^~~~~~~~~~~~~~~~~~~~~~~~~[m[K
compilation terminated.
CMakeFiles/obstacle_bot_node.dir/build.make:62: recipe for target 'CMakeFiles/obstacle_bot_node.dir/src/obstacle_bot.cpp.o' failed
make[2]: *** [CMakeFiles/obstacle_bot_node.dir/src/obstacle_bot.cpp.o] Error 1
CMakeFiles/Makefile2:498: recipe for target 'CMakeFiles/obstacle_bot_node.dir/all' failed
make[1]: *** [CMakeFiles/obstacle_bot_node.dir/all] Error 2
[01m[K/home/csrobot/Desktop/NERVE_CENTER/ROS_navigation_localization/catkin_ws/src/robot_navigation/src/mover.cpp:15:10:[m[K [01;31m[Kfatal error: [m[Krobot_navigation/Goal.h: No such file or directory
 #include [01;31m[K<robot_navigation/Goal.h>[m[K
          [01;31m[K^~~~~~~~~~~~~~~~~~~~~~~~~[m[K
compilation terminated.
CMakeFiles/mover_node.dir/build.make:62: recipe for target 'CMakeFiles/mover_node.dir/src/mover.cpp.o' failed
make[2]: *** [CMakeFiles/mover_node.dir/src/mover.cpp.o] Error 1
CMakeFiles/Makefile2:2521: recipe for target 'CMakeFiles/mover_node.dir/all' failed
make[1]: *** [CMakeFiles/mover_node.dir/all] Error 2
[ 64%] Built target robot_navigation_generate_messages_eus
[ 67%] [32m[1mLinking CXX executable /home/csrobot/Desktop/NERVE_CENTER/ROS_navigation_localization/catkin_ws/devel/.private/robot_navigation/lib/robot_navigation/obstacle_bot_spawn_publisher[0m
[ 70%] [32m[1mLinking CXX executable /home/csrobot/Desktop/NERVE_CENTER/ROS_navigation_localization/catkin_ws/devel/.private/robot_navigation/lib/robot_navigation/robot_spawn_publisher[0m
[ 70%] Built target obstacle_bot_spawn_publisher
[ 70%] Built target robot_spawn_publisher
Makefile:140: recipe for target 'all' failed
make: *** [all] Error 2
