/usr/lib/gcc/x86_64-linux-gnu/7/../../../x86_64-linux-gnu/Scrt1.o: In function `_start':
(.text+0x20): undefined reference to `main'
collect2: error: ld returned 1 exit status
make[2]: *** [/home/csrobot/Desktop/NERVE_CENTER/ROS_navigation_localization/catkin_ws/devel/.private/robot_navigation/lib/robot_navigation/obstacle_bot_goal_publisher] Error 1
make[1]: *** [CMakeFiles/obstacle_bot_goal_publisher.dir/all] Error 2
make[1]: *** Waiting for unfinished jobs....
[01m[K/home/csrobot/Desktop/NERVE_CENTER/ROS_navigation_localization/catkin_ws/src/robot_navigation/src/robot_goal_publisher.cpp:[m[K In function â€˜[01m[Kint main(int, char**)[m[Kâ€™:
[01m[K/home/csrobot/Desktop/NERVE_CENTER/ROS_navigation_localization/catkin_ws/src/robot_navigation/src/robot_goal_publisher.cpp:137:3:[m[K [01;31m[Kerror: [m[Kexpected initializer before â€˜[01m[Krobot_goal_publisher[m[Kâ€™
   [01;31m[Krobot_goal_publisher[m[K *goal_handler_obj = new robot_goal_publisher(node_handle);
   [01;31m[K^~~~~~~~~~~~~~~~~~~~[m[K
[01m[K/home/csrobot/Desktop/NERVE_CENTER/ROS_navigation_localization/catkin_ws/src/robot_navigation/src/robot_goal_publisher.cpp:140:42:[m[K [01;31m[Kerror: [m[Kâ€˜[01m[Knode_handle[m[Kâ€™ was not declared in this scope
   ros::ServiceServer robot_goal_server = [01;31m[Knode_handle[m[K.advertiseService("get_robot_new_goal", goal_handler_obj.newGoalCallback);
                                          [01;31m[K^~~~~~~~~~~[m[K
[01m[K/home/csrobot/Desktop/NERVE_CENTER/ROS_navigation_localization/catkin_ws/src/robot_navigation/src/robot_goal_publisher.cpp:140:93:[m[K [01;31m[Kerror: [m[Kâ€˜[01m[Kgoal_handler_obj[m[Kâ€™ was not declared in this scope
   ros::ServiceServer robot_goal_server = node_handle.advertiseService("get_robot_new_goal", [01;31m[Kgoal_handler_obj[m[K.newGoalCallback);
                                                                                             [01;31m[K^~~~~~~~~~~~~~~~[m[K
make[2]: *** [CMakeFiles/robot_goal_publisher.dir/src/robot_goal_publisher.cpp.o] Error 1
make[1]: *** [CMakeFiles/robot_goal_publisher.dir/all] Error 2
make: *** [all] Error 2
